<?xml version="1.0" encoding="UTF-8"?>
<!-- Generated by org.testng.reporters.JUnitReportReporter -->
<testsuite hostname="DESKTOP-66BAJ88" failures="0" tests="3" name="testcases.TestModule1" time="0.612" errors="0" timestamp="2023-10-08T10:18:29 IST" skipped="0">
  <testcase classname="testcases.TestModule1" name="testcase1" time="0.600"/>
  <testcase classname="testcases.TestModule1" name="testcase2" time="0.002"/>
  <testcase classname="testcases.TestModule1" name="testcase3" time="0.010"/>
</testsuite> <!-- testcases.TestModule1 -->
